mode: set
github.com/Quineeryn/go-backend-101/internal/httpx/abort.go:9.55,10.16 1 0
github.com/Quineeryn/go-backend-101/internal/httpx/abort.go:10.16,12.3 1 0
github.com/Quineeryn/go-backend-101/internal/httpx/abort.go:15.2,16.11 2 0
github.com/Quineeryn/go-backend-101/internal/httpx/audit.go:18.43,39.2 7 0
github.com/Quineeryn/go-backend-101/internal/httpx/authctx.go:8.43,9.38 1 0
github.com/Quineeryn/go-backend-101/internal/httpx/authctx.go:9.38,10.41 1 0
github.com/Quineeryn/go-backend-101/internal/httpx/authctx.go:10.41,12.4 1 0
github.com/Quineeryn/go-backend-101/internal/httpx/authctx.go:14.2,14.20 1 0
github.com/Quineeryn/go-backend-101/internal/httpx/cache_metrics.go:16.13,18.2 1 0
github.com/Quineeryn/go-backend-101/internal/httpx/middleware_accesslog.go:12.34,13.30 1 0
github.com/Quineeryn/go-backend-101/internal/httpx/middleware_accesslog.go:13.30,15.33 1 0
github.com/Quineeryn/go-backend-101/internal/httpx/middleware_accesslog.go:15.33,18.4 2 0
github.com/Quineeryn/go-backend-101/internal/httpx/middleware_accesslog.go:20.3,35.4 5 0
github.com/Quineeryn/go-backend-101/internal/httpx/middleware_metrics.go:29.13,31.2 1 0
github.com/Quineeryn/go-backend-101/internal/httpx/middleware_metrics.go:33.32,34.30 1 0
github.com/Quineeryn/go-backend-101/internal/httpx/middleware_metrics.go:34.30,42.3 7 0
github.com/Quineeryn/go-backend-101/internal/httpx/middleware_requestid.go:11.34,12.30 1 0
github.com/Quineeryn/go-backend-101/internal/httpx/middleware_requestid.go:12.30,14.16 2 0
github.com/Quineeryn/go-backend-101/internal/httpx/middleware_requestid.go:14.16,16.4 1 0
github.com/Quineeryn/go-backend-101/internal/httpx/middleware_requestid.go:17.3,19.11 3 0
github.com/Quineeryn/go-backend-101/internal/httpx/respond.go:12.59,16.2 3 0
github.com/Quineeryn/go-backend-101/internal/httpx/respond.go:18.75,26.2 1 0
github.com/Quineeryn/go-backend-101/internal/httpx/respond.go:28.49,29.56 1 0
github.com/Quineeryn/go-backend-101/internal/httpx/respond.go:29.56,31.3 1 0
github.com/Quineeryn/go-backend-101/internal/httpx/respond.go:32.2,34.24 3 0
github.com/Quineeryn/go-backend-101/internal/httpx/rl_metrics.go:13.13,15.2 1 0
github.com/Quineeryn/go-backend-101/internal/docs/docs.go:14.58,18.2 3 0
github.com/Quineeryn/go-backend-101/internal/docs/docs.go:20.52,24.2 3 0
github.com/Quineeryn/go-backend-101/internal/logger/logger.go:22.29,24.75 2 0
github.com/Quineeryn/go-backend-101/internal/logger/logger.go:24.75,26.3 1 0
github.com/Quineeryn/go-backend-101/internal/logger/logger.go:27.2,30.22 3 0
github.com/Quineeryn/go-backend-101/internal/logger/logger.go:30.22,33.3 2 0
github.com/Quineeryn/go-backend-101/internal/logger/logger.go:35.2,42.24 4 0
github.com/Quineeryn/go-backend-101/internal/logger/logger.go:42.24,51.3 2 0
github.com/Quineeryn/go-backend-101/internal/logger/logger.go:53.2,57.23 3 0
github.com/Quineeryn/go-backend-101/internal/logger/logger.go:57.23,58.70 1 0
github.com/Quineeryn/go-backend-101/internal/logger/logger.go:58.70,60.4 1 0
github.com/Quineeryn/go-backend-101/internal/logger/logger.go:63.2,64.12 2 0
github.com/Quineeryn/go-backend-101/internal/logger/sanitize.go:7.48,9.22 2 0
github.com/Quineeryn/go-backend-101/internal/logger/sanitize.go:9.22,12.35 3 0
github.com/Quineeryn/go-backend-101/internal/logger/sanitize.go:12.35,13.32 1 0
github.com/Quineeryn/go-backend-101/internal/logger/sanitize.go:13.32,15.10 2 0
github.com/Quineeryn/go-backend-101/internal/logger/sanitize.go:18.3,18.13 1 0
github.com/Quineeryn/go-backend-101/internal/logger/sanitize.go:18.13,20.4 1 0
github.com/Quineeryn/go-backend-101/internal/logger/sanitize.go:20.9,22.4 1 0
github.com/Quineeryn/go-backend-101/internal/logger/sanitize.go:24.2,24.12 1 0
github.com/Quineeryn/go-backend-101/internal/password/hash.go:5.38,8.2 2 0
github.com/Quineeryn/go-backend-101/internal/password/hash.go:10.37,12.2 1 0
github.com/Quineeryn/go-backend-101/internal/testdb/sqlite.go:11.34,14.16 3 0
github.com/Quineeryn/go-backend-101/internal/testdb/sqlite.go:14.16,16.3 1 0
github.com/Quineeryn/go-backend-101/internal/testdb/sqlite.go:17.2,17.11 1 0
github.com/Quineeryn/go-backend-101/internal/config/config.go:24.23,38.2 1 0
github.com/Quineeryn/go-backend-101/internal/config/config.go:40.35,41.45 1 0
github.com/Quineeryn/go-backend-101/internal/config/config.go:41.45,43.3 1 0
github.com/Quineeryn/go-backend-101/internal/config/config.go:44.2,44.12 1 0
github.com/Quineeryn/go-backend-101/internal/config/config.go:47.39,48.45 1 0
github.com/Quineeryn/go-backend-101/internal/config/config.go:48.45,51.17 3 0
github.com/Quineeryn/go-backend-101/internal/config/config.go:51.17,53.4 1 0
github.com/Quineeryn/go-backend-101/internal/config/config.go:55.2,55.12 1 0
github.com/Quineeryn/go-backend-101/internal/config/db.go:18.34,20.15 2 0
github.com/Quineeryn/go-backend-101/internal/config/db.go:20.15,22.3 1 0
github.com/Quineeryn/go-backend-101/internal/config/db.go:26.2,26.86 1 0
github.com/Quineeryn/go-backend-101/internal/config/db.go:26.86,27.41 1 0
github.com/Quineeryn/go-backend-101/internal/config/db.go:27.41,29.18 2 0
github.com/Quineeryn/go-backend-101/internal/config/db.go:29.18,31.68 2 0
github.com/Quineeryn/go-backend-101/internal/config/db.go:31.68,36.6 4 0
github.com/Quineeryn/go-backend-101/internal/config/db.go:41.2,42.16 2 0
github.com/Quineeryn/go-backend-101/internal/config/db.go:42.16,44.3 1 0
github.com/Quineeryn/go-backend-101/internal/config/db.go:47.2,48.16 2 0
github.com/Quineeryn/go-backend-101/internal/config/db.go:48.16,50.3 1 0
github.com/Quineeryn/go-backend-101/internal/config/db.go:51.2,57.47 6 0
github.com/Quineeryn/go-backend-101/internal/config/db.go:57.47,59.3 1 0
github.com/Quineeryn/go-backend-101/internal/config/db.go:61.2,61.11 1 0
github.com/Quineeryn/go-backend-101/internal/cache/etag.go:8.35,11.2 2 0
github.com/Quineeryn/go-backend-101/internal/cache/redis.go:14.49,26.2 2 0
github.com/Quineeryn/go-backend-101/internal/cache/redis.go:28.49,30.2 1 0
github.com/Quineeryn/go-backend-101/internal/cache/store.go:26.45,34.2 3 0
github.com/Quineeryn/go-backend-101/internal/cache/store.go:36.49,41.31 5 0
github.com/Quineeryn/go-backend-101/internal/cache/store.go:41.31,42.9 1 0
github.com/Quineeryn/go-backend-101/internal/cache/store.go:42.9,44.4 1 0
github.com/Quineeryn/go-backend-101/internal/cache/store.go:45.3,45.20 1 0
github.com/Quineeryn/go-backend-101/internal/cache/store.go:47.2,47.20 1 0
github.com/Quineeryn/go-backend-101/internal/cache/store.go:50.65,54.2 3 0
github.com/Quineeryn/go-backend-101/internal/cache/store.go:56.26,56.43 1 0
github.com/Quineeryn/go-backend-101/internal/cache/store.go:58.23,61.6 3 0
github.com/Quineeryn/go-backend-101/internal/cache/store.go:61.6,62.10 1 0
github.com/Quineeryn/go-backend-101/internal/cache/store.go:63.14,66.30 3 0
github.com/Quineeryn/go-backend-101/internal/cache/store.go:66.30,67.27 1 0
github.com/Quineeryn/go-backend-101/internal/cache/store.go:67.27,69.6 1 0
github.com/Quineeryn/go-backend-101/internal/cache/store.go:71.4,71.17 1 0
github.com/Quineeryn/go-backend-101/internal/cache/store.go:72.17,73.10 1 0
github.com/Quineeryn/go-backend-101/internal/ratelimit/key.go:13.38,15.54 1 0
github.com/Quineeryn/go-backend-101/internal/ratelimit/key.go:15.54,18.3 2 0
github.com/Quineeryn/go-backend-101/internal/ratelimit/key.go:19.2,20.16 2 0
github.com/Quineeryn/go-backend-101/internal/ratelimit/key.go:20.16,22.3 1 0
github.com/Quineeryn/go-backend-101/internal/ratelimit/key.go:23.2,23.11 1 0
github.com/Quineeryn/go-backend-101/internal/ratelimit/key.go:27.38,29.2 1 0
github.com/Quineeryn/go-backend-101/internal/ratelimit/key.go:32.38,35.27 2 0
github.com/Quineeryn/go-backend-101/internal/ratelimit/key.go:35.27,47.3 5 0
github.com/Quineeryn/go-backend-101/internal/ratelimit/key.go:49.2,50.45 2 0
github.com/Quineeryn/go-backend-101/internal/ratelimit/memory.go:23.41,31.2 3 0
github.com/Quineeryn/go-backend-101/internal/ratelimit/memory.go:33.74,38.31 4 0
github.com/Quineeryn/go-backend-101/internal/ratelimit/memory.go:38.31,41.53 2 0
github.com/Quineeryn/go-backend-101/internal/ratelimit/memory.go:41.53,44.4 2 0
github.com/Quineeryn/go-backend-101/internal/ratelimit/memory.go:45.3,45.15 1 0
github.com/Quineeryn/go-backend-101/internal/ratelimit/memory.go:47.2,49.12 3 0
github.com/Quineeryn/go-backend-101/internal/ratelimit/memory.go:52.22,55.6 3 0
github.com/Quineeryn/go-backend-101/internal/ratelimit/memory.go:55.6,56.10 1 0
github.com/Quineeryn/go-backend-101/internal/ratelimit/memory.go:57.14,60.30 3 0
github.com/Quineeryn/go-backend-101/internal/ratelimit/memory.go:60.30,61.36 1 0
github.com/Quineeryn/go-backend-101/internal/ratelimit/memory.go:61.36,63.6 1 0
github.com/Quineeryn/go-backend-101/internal/ratelimit/memory.go:65.4,65.17 1 0
github.com/Quineeryn/go-backend-101/internal/ratelimit/memory.go:66.17,67.10 1 0
github.com/Quineeryn/go-backend-101/internal/ratelimit/memory.go:72.25,72.42 1 0
github.com/Quineeryn/go-backend-101/internal/ratelimit/middleware.go:15.107,16.30 1 0
github.com/Quineeryn/go-backend-101/internal/ratelimit/middleware.go:16.30,21.18 3 0
github.com/Quineeryn/go-backend-101/internal/ratelimit/middleware.go:21.18,26.4 3 0
github.com/Quineeryn/go-backend-101/internal/ratelimit/middleware.go:29.3,30.16 2 0
github.com/Quineeryn/go-backend-101/internal/ratelimit/middleware.go:30.16,36.4 5 0
github.com/Quineeryn/go-backend-101/internal/ratelimit/middleware.go:37.3,41.14 4 0
github.com/Quineeryn/go-backend-101/internal/ratelimit/middleware.go:41.14,43.4 1 0
github.com/Quineeryn/go-backend-101/internal/ratelimit/middleware.go:44.3,48.12 5 0
github.com/Quineeryn/go-backend-101/internal/ratelimit/middleware.go:52.47,55.13 2 0
github.com/Quineeryn/go-backend-101/internal/ratelimit/middleware.go:55.13,57.3 1 0
github.com/Quineeryn/go-backend-101/internal/ratelimit/middleware.go:58.2,58.18 1 0
github.com/Quineeryn/go-backend-101/internal/ratelimit/middleware.go:61.25,63.12 1 0
github.com/Quineeryn/go-backend-101/internal/ratelimit/middleware.go:63.12,65.3 1 0
github.com/Quineeryn/go-backend-101/internal/ratelimit/middleware.go:66.2,70.9 5 0
github.com/Quineeryn/go-backend-101/internal/ratelimit/middleware.go:70.9,72.3 1 0
github.com/Quineeryn/go-backend-101/internal/ratelimit/middleware.go:73.2,73.12 1 0
github.com/Quineeryn/go-backend-101/internal/ratelimit/middleware.go:73.12,77.3 3 0
github.com/Quineeryn/go-backend-101/internal/ratelimit/middleware.go:78.2,78.9 1 0
github.com/Quineeryn/go-backend-101/internal/ratelimit/middleware.go:78.9,81.3 2 0
github.com/Quineeryn/go-backend-101/internal/ratelimit/middleware.go:82.2,82.24 1 0
github.com/Quineeryn/go-backend-101/internal/ratelimit/redis_limiter.go:21.98,23.2 1 0
github.com/Quineeryn/go-backend-101/internal/ratelimit/redis_limiter.go:26.43,29.17 3 0
github.com/Quineeryn/go-backend-101/internal/ratelimit/redis_limiter.go:29.17,31.3 1 0
github.com/Quineeryn/go-backend-101/internal/ratelimit/redis_limiter.go:32.2,32.36 1 0
github.com/Quineeryn/go-backend-101/internal/ratelimit/redis_limiter.go:72.86,76.16 3 0
github.com/Quineeryn/go-backend-101/internal/ratelimit/redis_limiter.go:76.16,79.3 1 0
github.com/Quineeryn/go-backend-101/internal/ratelimit/redis_limiter.go:81.2,82.25 2 0
github.com/Quineeryn/go-backend-101/internal/ratelimit/redis_limiter.go:82.25,85.3 1 0
github.com/Quineeryn/go-backend-101/internal/ratelimit/redis_limiter.go:88.2,89.28 2 0
github.com/Quineeryn/go-backend-101/internal/ratelimit/redis_limiter.go:90.13,91.19 1 0
github.com/Quineeryn/go-backend-101/internal/ratelimit/redis_limiter.go:92.15,93.26 1 0
github.com/Quineeryn/go-backend-101/internal/ratelimit/redis_limiter.go:94.14,95.21 1 0
github.com/Quineeryn/go-backend-101/internal/ratelimit/redis_limiter.go:96.10,98.17 1 0
github.com/Quineeryn/go-backend-101/internal/ratelimit/redis_limiter.go:102.2,103.28 2 0
github.com/Quineeryn/go-backend-101/internal/ratelimit/redis_limiter.go:104.15,105.13 1 0
github.com/Quineeryn/go-backend-101/internal/ratelimit/redis_limiter.go:106.13,107.22 1 0
github.com/Quineeryn/go-backend-101/internal/ratelimit/redis_limiter.go:108.14,109.54 1 0
github.com/Quineeryn/go-backend-101/internal/ratelimit/redis_limiter.go:109.54,111.4 1 0
github.com/Quineeryn/go-backend-101/internal/ratelimit/redis_limiter.go:112.10,113.13 1 0
github.com/Quineeryn/go-backend-101/internal/ratelimit/redis_limiter.go:116.2,116.29 1 0
github.com/Quineeryn/go-backend-101/internal/ratelimit/redis_limiter.go:120.88,121.30 1 0
github.com/Quineeryn/go-backend-101/internal/ratelimit/redis_limiter.go:121.30,123.23 1 0
github.com/Quineeryn/go-backend-101/internal/ratelimit/redis_limiter.go:124.30,126.10 2 0
github.com/Quineeryn/go-backend-101/internal/ratelimit/redis_limiter.go:128.3,130.17 3 0
github.com/Quineeryn/go-backend-101/internal/ratelimit/redis_limiter.go:130.17,134.4 2 0
github.com/Quineeryn/go-backend-101/internal/ratelimit/redis_limiter.go:135.3,135.10 1 0
github.com/Quineeryn/go-backend-101/internal/ratelimit/redis_limiter.go:135.10,147.4 5 0
github.com/Quineeryn/go-backend-101/internal/ratelimit/redis_limiter.go:148.3,148.11 1 0
github.com/Quineeryn/go-backend-101/internal/middleware/correlation.go:15.44,16.30 1 0
github.com/Quineeryn/go-backend-101/internal/middleware/correlation.go:16.30,18.20 2 0
github.com/Quineeryn/go-backend-101/internal/middleware/correlation.go:18.20,20.4 1 0
github.com/Quineeryn/go-backend-101/internal/middleware/correlation.go:21.3,23.11 3 0
github.com/Quineeryn/go-backend-101/internal/middleware/error_handler.go:15.38,16.30 1 0
github.com/Quineeryn/go-backend-101/internal/middleware/error_handler.go:16.30,20.70 2 0
github.com/Quineeryn/go-backend-101/internal/middleware/error_handler.go:20.70,22.4 1 0
github.com/Quineeryn/go-backend-101/internal/middleware/error_handler.go:24.3,24.25 1 0
github.com/Quineeryn/go-backend-101/internal/middleware/error_handler.go:24.25,26.4 1 0
github.com/Quineeryn/go-backend-101/internal/middleware/error_handler.go:28.3,47.12 7 0
github.com/Quineeryn/go-backend-101/internal/middleware/error_handler.go:52.36,54.41 2 0
github.com/Quineeryn/go-backend-101/internal/middleware/error_handler.go:54.41,56.3 1 0
github.com/Quineeryn/go-backend-101/internal/middleware/error_handler.go:57.2,57.25 1 0
github.com/Quineeryn/go-backend-101/internal/middleware/recovery_json.go:14.37,15.73 1 0
github.com/Quineeryn/go-backend-101/internal/middleware/recovery_json.go:15.73,31.3 5 0
github.com/Quineeryn/go-backend-101/internal/middleware/request_logger.go:11.38,12.30 1 0
github.com/Quineeryn/go-backend-101/internal/middleware/request_logger.go:12.30,24.3 8 0
github.com/Quineeryn/go-backend-101/internal/apperr/apperr.go:31.35,32.16 1 0
github.com/Quineeryn/go-backend-101/internal/apperr/apperr.go:32.16,34.3 1 0
github.com/Quineeryn/go-backend-101/internal/apperr/apperr.go:35.2,35.14 1 0
github.com/Quineeryn/go-backend-101/internal/apperr/apperr.go:37.35,37.51 1 0
github.com/Quineeryn/go-backend-101/internal/apperr/apperr.go:39.54,41.2 1 0
github.com/Quineeryn/go-backend-101/internal/apperr/apperr.go:42.41,43.16 1 0
github.com/Quineeryn/go-backend-101/internal/apperr/apperr.go:43.16,45.3 1 0
github.com/Quineeryn/go-backend-101/internal/apperr/apperr.go:46.2,47.25 2 0
github.com/Quineeryn/go-backend-101/internal/apperr/apperr.go:47.25,50.3 2 0
github.com/Quineeryn/go-backend-101/internal/apperr/apperr.go:51.2,51.70 1 0
github.com/Quineeryn/go-backend-101/internal/apperr/apperr.go:53.50,55.25 2 0
github.com/Quineeryn/go-backend-101/internal/apperr/apperr.go:55.25,56.23 1 0
github.com/Quineeryn/go-backend-101/internal/apperr/apperr.go:56.23,58.4 1 0
github.com/Quineeryn/go-backend-101/internal/apperr/apperr.go:59.3,60.12 2 0
github.com/Quineeryn/go-backend-101/internal/apperr/apperr.go:62.2,62.107 1 0
github.com/Quineeryn/go-backend-101/internal/apperr/apperr.go:65.37,67.25 2 0
github.com/Quineeryn/go-backend-101/internal/apperr/apperr.go:67.25,69.3 1 0
github.com/Quineeryn/go-backend-101/internal/apperr/apperr.go:70.2,70.14 1 0
github.com/Quineeryn/go-backend-101/internal/apperr/apperr.go:73.31,75.25 2 0
github.com/Quineeryn/go-backend-101/internal/apperr/apperr.go:75.25,76.18 1 0
github.com/Quineeryn/go-backend-101/internal/apperr/apperr.go:77.19,78.32 1 0
github.com/Quineeryn/go-backend-101/internal/apperr/apperr.go:79.17,80.30 1 0
github.com/Quineeryn/go-backend-101/internal/apperr/apperr.go:81.17,82.30 1 0
github.com/Quineeryn/go-backend-101/internal/apperr/apperr.go:83.21,84.34 1 0
github.com/Quineeryn/go-backend-101/internal/apperr/apperr.go:85.18,86.31 1 0
github.com/Quineeryn/go-backend-101/internal/apperr/apperr.go:87.20,88.37 1 0
github.com/Quineeryn/go-backend-101/internal/apperr/apperr.go:89.16,90.36 1 0
github.com/Quineeryn/go-backend-101/internal/apperr/apperr.go:91.20,92.40 1 0
github.com/Quineeryn/go-backend-101/internal/apperr/apperr.go:93.17,94.15 1 0
github.com/Quineeryn/go-backend-101/internal/apperr/apperr.go:95.11,96.41 1 0
github.com/Quineeryn/go-backend-101/internal/apperr/apperr.go:100.2,100.39 1 0
github.com/Quineeryn/go-backend-101/internal/auth/handler.go:20.44,26.46 2 0
github.com/Quineeryn/go-backend-101/internal/auth/handler.go:26.46,30.3 3 0
github.com/Quineeryn/go-backend-101/internal/auth/handler.go:31.2,32.16 2 0
github.com/Quineeryn/go-backend-101/internal/auth/handler.go:32.16,36.3 3 0
github.com/Quineeryn/go-backend-101/internal/auth/handler.go:38.2,45.16 2 0
github.com/Quineeryn/go-backend-101/internal/auth/handler.go:45.16,49.3 3 0
github.com/Quineeryn/go-backend-101/internal/auth/handler.go:51.2,51.97 1 0
github.com/Quineeryn/go-backend-101/internal/auth/handler.go:54.41,56.46 2 0
github.com/Quineeryn/go-backend-101/internal/auth/handler.go:56.46,60.3 3 0
github.com/Quineeryn/go-backend-101/internal/auth/handler.go:61.2,62.91 2 0
github.com/Quineeryn/go-backend-101/internal/auth/handler.go:62.91,66.3 3 0
github.com/Quineeryn/go-backend-101/internal/auth/handler.go:69.2,70.16 2 0
github.com/Quineeryn/go-backend-101/internal/auth/handler.go:70.16,72.3 1 0
github.com/Quineeryn/go-backend-101/internal/auth/handler.go:74.2,78.16 4 0
github.com/Quineeryn/go-backend-101/internal/auth/handler.go:78.16,82.3 3 0
github.com/Quineeryn/go-backend-101/internal/auth/handler.go:84.2,85.16 2 0
github.com/Quineeryn/go-backend-101/internal/auth/handler.go:85.16,89.3 3 0
github.com/Quineeryn/go-backend-101/internal/auth/handler.go:92.2,97.17 1 0
github.com/Quineeryn/go-backend-101/internal/auth/handler.go:97.17,101.3 3 0
github.com/Quineeryn/go-backend-101/internal/auth/handler.go:103.2,103.80 1 0
github.com/Quineeryn/go-backend-101/internal/auth/handler.go:106.43,110.46 2 0
github.com/Quineeryn/go-backend-101/internal/auth/handler.go:110.46,114.3 3 0
github.com/Quineeryn/go-backend-101/internal/auth/handler.go:115.2,116.16 2 0
github.com/Quineeryn/go-backend-101/internal/auth/handler.go:116.16,120.3 3 0
github.com/Quineeryn/go-backend-101/internal/auth/handler.go:123.2,124.16 2 0
github.com/Quineeryn/go-backend-101/internal/auth/handler.go:124.16,128.3 3 0
github.com/Quineeryn/go-backend-101/internal/auth/handler.go:129.2,129.13 1 0
github.com/Quineeryn/go-backend-101/internal/auth/handler.go:129.13,133.3 3 0
github.com/Quineeryn/go-backend-101/internal/auth/handler.go:136.2,140.16 4 0
github.com/Quineeryn/go-backend-101/internal/auth/handler.go:140.16,144.3 3 0
github.com/Quineeryn/go-backend-101/internal/auth/handler.go:145.2,146.16 2 0
github.com/Quineeryn/go-backend-101/internal/auth/handler.go:146.16,150.3 3 0
github.com/Quineeryn/go-backend-101/internal/auth/handler.go:152.2,162.4 2 0
github.com/Quineeryn/go-backend-101/internal/auth/handler.go:165.42,169.46 2 0
github.com/Quineeryn/go-backend-101/internal/auth/handler.go:169.46,173.3 3 0
github.com/Quineeryn/go-backend-101/internal/auth/handler.go:174.2,175.16 2 0
github.com/Quineeryn/go-backend-101/internal/auth/handler.go:175.16,179.3 3 0
github.com/Quineeryn/go-backend-101/internal/auth/handler.go:180.2,180.59 1 0
github.com/Quineeryn/go-backend-101/internal/auth/handler.go:180.59,184.3 3 0
github.com/Quineeryn/go-backend-101/internal/auth/handler.go:185.2,185.32 1 0
github.com/Quineeryn/go-backend-101/internal/auth/jwt.go:21.79,34.2 4 0
github.com/Quineeryn/go-backend-101/internal/auth/jwt.go:36.80,49.2 4 0
github.com/Quineeryn/go-backend-101/internal/auth/jwt.go:51.59,52.97 1 0
github.com/Quineeryn/go-backend-101/internal/auth/jwt.go:52.97,54.3 1 0
github.com/Quineeryn/go-backend-101/internal/auth/jwt.go:55.2,55.16 1 0
github.com/Quineeryn/go-backend-101/internal/auth/jwt.go:55.16,57.3 1 0
github.com/Quineeryn/go-backend-101/internal/auth/jwt.go:58.2,58.56 1 0
github.com/Quineeryn/go-backend-101/internal/auth/jwt.go:58.56,60.3 1 0
github.com/Quineeryn/go-backend-101/internal/auth/jwt.go:61.2,61.39 1 0
github.com/Quineeryn/go-backend-101/internal/auth/middleware.go:12.48,13.30 1 0
github.com/Quineeryn/go-backend-101/internal/auth/middleware.go:13.30,15.39 2 0
github.com/Quineeryn/go-backend-101/internal/auth/middleware.go:15.39,20.4 4 0
github.com/Quineeryn/go-backend-101/internal/auth/middleware.go:21.3,23.17 3 0
github.com/Quineeryn/go-backend-101/internal/auth/middleware.go:23.17,28.4 4 0
github.com/Quineeryn/go-backend-101/internal/auth/middleware.go:30.3,33.52 3 0
github.com/Quineeryn/go-backend-101/internal/auth/middleware.go:33.52,35.4 1 0
github.com/Quineeryn/go-backend-101/internal/auth/middleware.go:36.3,36.11 1 0
github.com/Quineeryn/go-backend-101/internal/auth/middleware_rbac.go:10.53,11.30 1 0
github.com/Quineeryn/go-backend-101/internal/auth/middleware_rbac.go:11.30,13.17 2 0
github.com/Quineeryn/go-backend-101/internal/auth/middleware_rbac.go:13.17,18.4 4 0
github.com/Quineeryn/go-backend-101/internal/auth/middleware_rbac.go:19.3,19.29 1 0
github.com/Quineeryn/go-backend-101/internal/auth/middleware_rbac.go:19.29,20.17 1 0
github.com/Quineeryn/go-backend-101/internal/auth/middleware_rbac.go:20.17,23.5 2 0
github.com/Quineeryn/go-backend-101/internal/auth/middleware_rbac.go:25.3,27.12 3 0
github.com/Quineeryn/go-backend-101/internal/auth/store.go:21.35,21.56 1 0
github.com/Quineeryn/go-backend-101/internal/auth/store.go:23.67,25.2 1 0
github.com/Quineeryn/go-backend-101/internal/auth/store.go:27.68,33.2 2 0
github.com/Quineeryn/go-backend-101/internal/auth/store.go:35.73,40.35 3 0
github.com/Quineeryn/go-backend-101/internal/auth/store.go:40.35,42.3 1 0
github.com/Quineeryn/go-backend-101/internal/auth/store.go:43.2,43.24 1 0
