mode: set
github.com/Quineeryn/go-backend-101/internal/users/dto.go:21.38,23.2 1 1
github.com/Quineeryn/go-backend-101/internal/users/dto.go:25.41,30.2 4 1
github.com/Quineeryn/go-backend-101/internal/users/dto.go:32.41,37.2 4 1
github.com/Quineeryn/go-backend-101/internal/users/handler.go:28.34,28.63 1 1
github.com/Quineeryn/go-backend-101/internal/users/handler.go:40.66,48.2 1 0
github.com/Quineeryn/go-backend-101/internal/users/handler.go:51.42,58.15 6 1
github.com/Quineeryn/go-backend-101/internal/users/handler.go:58.15,66.3 1 1
github.com/Quineeryn/go-backend-101/internal/users/handler.go:68.2,69.47 2 1
github.com/Quineeryn/go-backend-101/internal/users/handler.go:69.47,72.3 2 0
github.com/Quineeryn/go-backend-101/internal/users/handler.go:73.2,74.39 2 1
github.com/Quineeryn/go-backend-101/internal/users/handler.go:74.39,77.3 2 1
github.com/Quineeryn/go-backend-101/internal/users/handler.go:79.2,85.16 3 1
github.com/Quineeryn/go-backend-101/internal/users/handler.go:85.16,86.26 1 1
github.com/Quineeryn/go-backend-101/internal/users/handler.go:86.26,89.4 2 1
github.com/Quineeryn/go-backend-101/internal/users/handler.go:90.3,91.9 2 0
github.com/Quineeryn/go-backend-101/internal/users/handler.go:94.2,97.49 4 1
github.com/Quineeryn/go-backend-101/internal/users/handler.go:101.40,103.16 2 1
github.com/Quineeryn/go-backend-101/internal/users/handler.go:103.16,106.3 2 0
github.com/Quineeryn/go-backend-101/internal/users/handler.go:107.2,108.30 2 1
github.com/Quineeryn/go-backend-101/internal/users/handler.go:108.30,110.3 1 0
github.com/Quineeryn/go-backend-101/internal/users/handler.go:111.2,111.28 1 1
github.com/Quineeryn/go-backend-101/internal/users/handler.go:115.39,123.15 7 1
github.com/Quineeryn/go-backend-101/internal/users/handler.go:123.15,131.3 1 1
github.com/Quineeryn/go-backend-101/internal/users/handler.go:133.2,134.16 2 1
github.com/Quineeryn/go-backend-101/internal/users/handler.go:134.16,135.25 1 1
github.com/Quineeryn/go-backend-101/internal/users/handler.go:135.25,138.4 2 1
github.com/Quineeryn/go-backend-101/internal/users/handler.go:139.3,140.9 2 0
github.com/Quineeryn/go-backend-101/internal/users/handler.go:143.2,145.38 3 1
github.com/Quineeryn/go-backend-101/internal/users/handler.go:149.42,157.15 7 1
github.com/Quineeryn/go-backend-101/internal/users/handler.go:157.15,165.3 1 1
github.com/Quineeryn/go-backend-101/internal/users/handler.go:167.2,168.47 2 1
github.com/Quineeryn/go-backend-101/internal/users/handler.go:168.47,171.3 2 0
github.com/Quineeryn/go-backend-101/internal/users/handler.go:172.2,173.39 2 1
github.com/Quineeryn/go-backend-101/internal/users/handler.go:173.39,176.3 2 0
github.com/Quineeryn/go-backend-101/internal/users/handler.go:178.2,180.16 3 1
github.com/Quineeryn/go-backend-101/internal/users/handler.go:180.16,181.14 1 1
github.com/Quineeryn/go-backend-101/internal/users/handler.go:182.20,184.10 2 0
github.com/Quineeryn/go-backend-101/internal/users/handler.go:185.21,187.10 2 1
github.com/Quineeryn/go-backend-101/internal/users/handler.go:188.11,190.10 2 0
github.com/Quineeryn/go-backend-101/internal/users/handler.go:194.2,196.44 3 1
github.com/Quineeryn/go-backend-101/internal/users/handler.go:200.42,208.15 7 1
github.com/Quineeryn/go-backend-101/internal/users/handler.go:208.15,216.3 1 1
github.com/Quineeryn/go-backend-101/internal/users/handler.go:218.2,218.64 1 1
github.com/Quineeryn/go-backend-101/internal/users/handler.go:218.64,219.25 1 0
github.com/Quineeryn/go-backend-101/internal/users/handler.go:219.25,222.4 2 0
github.com/Quineeryn/go-backend-101/internal/users/handler.go:223.3,224.9 2 0
github.com/Quineeryn/go-backend-101/internal/users/handler.go:227.2,229.32 3 1
github.com/Quineeryn/go-backend-101/internal/users/migrate.go:7.37,9.2 1 0
github.com/Quineeryn/go-backend-101/internal/users/repository.go:19.44,21.2 1 0
github.com/Quineeryn/go-backend-101/internal/users/repository.go:23.65,24.62 1 0
github.com/Quineeryn/go-backend-101/internal/users/repository.go:24.62,26.44 1 0
github.com/Quineeryn/go-backend-101/internal/users/repository.go:26.44,28.4 1 0
github.com/Quineeryn/go-backend-101/internal/users/repository.go:29.3,29.13 1 0
github.com/Quineeryn/go-backend-101/internal/users/repository.go:31.2,31.12 1 0
github.com/Quineeryn/go-backend-101/internal/users/repository.go:34.83,36.88 2 0
github.com/Quineeryn/go-backend-101/internal/users/repository.go:36.88,37.45 1 0
github.com/Quineeryn/go-backend-101/internal/users/repository.go:37.45,39.4 1 0
github.com/Quineeryn/go-backend-101/internal/users/repository.go:40.3,40.18 1 0
github.com/Quineeryn/go-backend-101/internal/users/repository.go:42.2,42.16 1 0
github.com/Quineeryn/go-backend-101/internal/users/router.go:6.48,8.2 2 0
github.com/Quineeryn/go-backend-101/internal/users/router.go:8.2,14.3 5 0
github.com/Quineeryn/go-backend-101/internal/users/service.go:13.43,15.2 1 0
github.com/Quineeryn/go-backend-101/internal/users/service.go:17.86,23.49 2 0
github.com/Quineeryn/go-backend-101/internal/users/service.go:23.49,25.3 1 0
github.com/Quineeryn/go-backend-101/internal/users/service.go:26.2,26.18 1 0
github.com/Quineeryn/go-backend-101/internal/users/store.go:16.35,16.60 1 1
github.com/Quineeryn/go-backend-101/internal/users/store.go:19.37,20.43 1 1
github.com/Quineeryn/go-backend-101/internal/users/store.go:20.43,22.3 1 0
github.com/Quineeryn/go-backend-101/internal/users/store.go:25.2,26.28 2 1
github.com/Quineeryn/go-backend-101/internal/users/store.go:26.28,27.28 1 0
github.com/Quineeryn/go-backend-101/internal/users/store.go:27.28,29.4 1 0
github.com/Quineeryn/go-backend-101/internal/users/store.go:32.2,35.52 2 1
github.com/Quineeryn/go-backend-101/internal/users/store.go:38.67,44.63 5 1
github.com/Quineeryn/go-backend-101/internal/users/store.go:44.63,45.26 1 1
github.com/Quineeryn/go-backend-101/internal/users/store.go:45.26,47.4 1 1
github.com/Quineeryn/go-backend-101/internal/users/store.go:48.3,48.21 1 0
github.com/Quineeryn/go-backend-101/internal/users/store.go:50.2,50.15 1 1
github.com/Quineeryn/go-backend-101/internal/users/store.go:53.59,58.34 2 1
github.com/Quineeryn/go-backend-101/internal/users/store.go:58.34,60.3 1 0
github.com/Quineeryn/go-backend-101/internal/users/store.go:61.2,61.19 1 1
github.com/Quineeryn/go-backend-101/internal/users/store.go:64.67,66.76 2 1
github.com/Quineeryn/go-backend-101/internal/users/store.go:66.76,67.45 1 1
github.com/Quineeryn/go-backend-101/internal/users/store.go:67.45,69.4 1 1
github.com/Quineeryn/go-backend-101/internal/users/store.go:70.3,70.21 1 0
github.com/Quineeryn/go-backend-101/internal/users/store.go:72.2,72.15 1 1
github.com/Quineeryn/go-backend-101/internal/users/store.go:75.81,77.76 2 1
github.com/Quineeryn/go-backend-101/internal/users/store.go:77.76,78.45 1 0
github.com/Quineeryn/go-backend-101/internal/users/store.go:78.45,80.4 1 0
github.com/Quineeryn/go-backend-101/internal/users/store.go:81.3,81.21 1 0
github.com/Quineeryn/go-backend-101/internal/users/store.go:84.2,87.41 3 1
github.com/Quineeryn/go-backend-101/internal/users/store.go:87.41,89.3 1 1
github.com/Quineeryn/go-backend-101/internal/users/store.go:91.2,94.61 3 1
github.com/Quineeryn/go-backend-101/internal/users/store.go:94.61,95.26 1 1
github.com/Quineeryn/go-backend-101/internal/users/store.go:95.26,97.4 1 1
github.com/Quineeryn/go-backend-101/internal/users/store.go:98.3,98.21 1 0
github.com/Quineeryn/go-backend-101/internal/users/store.go:100.2,100.15 1 1
github.com/Quineeryn/go-backend-101/internal/users/store.go:103.62,105.22 2 1
github.com/Quineeryn/go-backend-101/internal/users/store.go:105.22,107.3 1 0
github.com/Quineeryn/go-backend-101/internal/users/store.go:108.2,108.27 1 1
github.com/Quineeryn/go-backend-101/internal/users/store.go:108.27,110.3 1 1
github.com/Quineeryn/go-backend-101/internal/users/store.go:111.2,111.12 1 1
github.com/Quineeryn/go-backend-101/internal/users/store.go:114.78,118.2 3 1
github.com/Quineeryn/go-backend-101/internal/users/store.go:120.72,124.2 3 0
github.com/Quineeryn/go-backend-101/internal/users/store_cached.go:19.86,21.2 1 0
github.com/Quineeryn/go-backend-101/internal/users/store_cached.go:23.32,23.60 1 0
github.com/Quineeryn/go-backend-101/internal/users/store_cached.go:26.73,28.18 2 0
github.com/Quineeryn/go-backend-101/internal/users/store_cached.go:28.18,29.68 1 0
github.com/Quineeryn/go-backend-101/internal/users/store_cached.go:29.68,31.36 2 0
github.com/Quineeryn/go-backend-101/internal/users/store_cached.go:31.36,34.5 2 0
github.com/Quineeryn/go-backend-101/internal/users/store_cached.go:35.9,37.4 1 0
github.com/Quineeryn/go-backend-101/internal/users/store_cached.go:40.2,41.16 2 0
github.com/Quineeryn/go-backend-101/internal/users/store_cached.go:41.16,43.3 1 0
github.com/Quineeryn/go-backend-101/internal/users/store_cached.go:45.2,45.18 1 0
github.com/Quineeryn/go-backend-101/internal/users/store_cached.go:45.18,46.44 1 0
github.com/Quineeryn/go-backend-101/internal/users/store_cached.go:46.44,48.4 1 0
github.com/Quineeryn/go-backend-101/internal/users/store_cached.go:50.2,50.15 1 0
github.com/Quineeryn/go-backend-101/internal/users/store_cached.go:54.65,56.2 1 0
github.com/Quineeryn/go-backend-101/internal/users/store_cached.go:59.73,61.16 2 0
github.com/Quineeryn/go-backend-101/internal/users/store_cached.go:61.16,63.3 1 0
github.com/Quineeryn/go-backend-101/internal/users/store_cached.go:64.2,64.18 1 0
github.com/Quineeryn/go-backend-101/internal/users/store_cached.go:64.18,66.50 2 0
github.com/Quineeryn/go-backend-101/internal/users/store_cached.go:66.50,68.4 1 0
github.com/Quineeryn/go-backend-101/internal/users/store_cached.go:70.2,70.21 1 0
github.com/Quineeryn/go-backend-101/internal/users/store_cached.go:74.87,76.16 2 0
github.com/Quineeryn/go-backend-101/internal/users/store_cached.go:76.16,78.3 1 0
github.com/Quineeryn/go-backend-101/internal/users/store_cached.go:79.2,79.18 1 0
github.com/Quineeryn/go-backend-101/internal/users/store_cached.go:79.18,81.50 2 0
github.com/Quineeryn/go-backend-101/internal/users/store_cached.go:81.50,83.4 1 0
github.com/Quineeryn/go-backend-101/internal/users/store_cached.go:85.2,85.21 1 0
github.com/Quineeryn/go-backend-101/internal/users/store_cached.go:89.68,90.48 1 0
github.com/Quineeryn/go-backend-101/internal/users/store_cached.go:90.48,92.3 1 0
github.com/Quineeryn/go-backend-101/internal/users/store_cached.go:93.2,93.18 1 0
github.com/Quineeryn/go-backend-101/internal/users/store_cached.go:93.18,95.3 1 0
github.com/Quineeryn/go-backend-101/internal/users/store_cached.go:96.2,96.12 1 0
